<?xml version="1.0" encoding="UTF-8"?>
<!-- Generated by org.testng.reporters.JUnitXMLReporter -->
<testsuite ignored="0" hostname="LTIN192862" failures="0" tests="3" name="Default test" time="83.533" errors="0" timestamp="2024-03-04T15:04:09 IST">
  <testcase classname="identifycourses.Languagelearning" name="searchLanguageLearning" time="14.329"/>
  <testcase classname="identifycourses.Languagelearning" name="levelCount" time="5.803"/>
  <testcase classname="identifycourses.Languagelearning" name="langCount" time="23.822"/>
</testsuite> <!-- Default test -->
