<?xml version="1.0" encoding="UTF-8"?>
<!-- Generated by org.testng.reporters.JUnitXMLReporter -->
<testsuite ignored="6" hostname="LTIN192862" failures="0" tests="12" name="Test" time="228.494" errors="0" timestamp="2024-03-04T15:10:27 IST">
  <testcase classname="identifycourses.WebdevelopmentCourses" name="searchingWebDevelopmentCourses" time="22.142"/>
  <testcase classname="identifycourses.WebdevelopmentCourses" name="selectinglevel" time="6.864"/>
  <testcase classname="identifycourses.WebdevelopmentCourses" name="selectinglanguages" time="12.709"/>
  <testcase classname="identifycourses.WebdevelopmentCourses" name="firstCourse" time="22.175"/>
  <testcase classname="identifycourses.WebdevelopmentCourses" name="secondCourse" time="21.756"/>
  <testcase classname="identifycourses.Languagelearning" name="searchLanguageLearning" time="11.637"/>
  <testcase classname="identifycourses.Languagelearning" name="levelCount" time="5.697"/>
  <testcase classname="identifycourses.Languagelearning" name="langCount" time="24.892"/>
  <testcase classname="identifycourses.Enterprises" name="forEnterprises" time="27.643"/>
  <testcase classname="identifycourses.Enterprises" name="readyToTransform" time="25.066"/>
  <testcase classname="identifycourses.Enterprises" name="dropDowns" time="17.321"/>
  <testcase classname="identifycourses.Enterprises" name="errorMessage" time="0.157"/>
  <testcase classname="identifycourses.Baseclass" name="@BeforeTest getDriver" time="0.0">
    <ignored/>
  </testcase> <!-- @BeforeTest getDriver -->
  <testcase classname="identifycourses.Baseclass" name="@BeforeTest getDriver" time="0.0">
    <ignored/>
  </testcase> <!-- @BeforeTest getDriver -->
  <testcase classname="identifycourses.Baseclass" name="@BeforeTest getDriver" time="0.0">
    <ignored/>
  </testcase> <!-- @BeforeTest getDriver -->
  <testcase classname="identifycourses.Baseclass" name="@AfterTest closeBrowser" time="0.0">
    <ignored/>
  </testcase> <!-- @AfterTest closeBrowser -->
  <testcase classname="identifycourses.Baseclass" name="@AfterTest closeBrowser" time="0.0">
    <ignored/>
  </testcase> <!-- @AfterTest closeBrowser -->
  <testcase classname="identifycourses.Baseclass" name="@AfterTest closeBrowser" time="0.0">
    <ignored/>
  </testcase> <!-- @AfterTest closeBrowser -->
</testsuite> <!-- Test -->
