<?xml version="1.0" encoding="UTF-8"?>
<!-- Generated by org.testng.reporters.JUnitXMLReporter -->
<testsuite ignored="6" hostname="LTIN192862" failures="0" tests="12" name="Test" time="230.295" errors="0" timestamp="2024-03-05T10:41:12 IST">
  <testcase classname="identifycourses.WebdevelopmentCourses" name="searchingWebDevelopmentCourses" time="24.516"/>
  <testcase classname="identifycourses.WebdevelopmentCourses" name="selectinglevel" time="6.782"/>
  <testcase classname="identifycourses.WebdevelopmentCourses" name="selectinglanguages" time="12.725"/>
  <testcase classname="identifycourses.WebdevelopmentCourses" name="firstCourse" time="21.071"/>
  <testcase classname="identifycourses.WebdevelopmentCourses" name="secondCourse" time="19.537"/>
  <testcase classname="identifycourses.Languagelearning" name="searchLanguageLearning" time="10.645"/>
  <testcase classname="identifycourses.Languagelearning" name="levelCount" time="5.772"/>
  <testcase classname="identifycourses.Languagelearning" name="langCount" time="26.02"/>
  <testcase classname="identifycourses.Enterprises" name="forEnterprises" time="27.976"/>
  <testcase classname="identifycourses.Enterprises" name="readyToTransform" time="25.136"/>
  <testcase classname="identifycourses.Enterprises" name="dropDowns" time="17.585"/>
  <testcase classname="identifycourses.Enterprises" name="errorMessage" time="0.164"/>
  <testcase classname="identifycourses.Baseclass" name="@BeforeTest getDriver" time="0.0">
    <ignored/>
  </testcase> <!-- @BeforeTest getDriver -->
  <testcase classname="identifycourses.Baseclass" name="@BeforeTest getDriver" time="0.0">
    <ignored/>
  </testcase> <!-- @BeforeTest getDriver -->
  <testcase classname="identifycourses.Baseclass" name="@BeforeTest getDriver" time="0.0">
    <ignored/>
  </testcase> <!-- @BeforeTest getDriver -->
  <testcase classname="identifycourses.Baseclass" name="@AfterTest closeBrowser" time="0.0">
    <ignored/>
  </testcase> <!-- @AfterTest closeBrowser -->
  <testcase classname="identifycourses.Baseclass" name="@AfterTest closeBrowser" time="0.0">
    <ignored/>
  </testcase> <!-- @AfterTest closeBrowser -->
  <testcase classname="identifycourses.Baseclass" name="@AfterTest closeBrowser" time="0.0">
    <ignored/>
  </testcase> <!-- @AfterTest closeBrowser -->
</testsuite> <!-- Test -->
