<?xml version="1.0" encoding="UTF-8"?>
<!-- Generated by org.testng.reporters.JUnitXMLReporter -->
<testsuite ignored="6" hostname="LTIN192862" failures="0" tests="12" name="Test" time="408.507" errors="0" timestamp="2024-03-05T14:48:18 IST">
  <testcase classname="identifycourses.WebdevelopmentCourses" name="searchingWebDevelopmentCourses" time="32.544"/>
  <testcase classname="identifycourses.WebdevelopmentCourses" name="selectinglevel" time="6.726"/>
  <testcase classname="identifycourses.WebdevelopmentCourses" name="selectinglanguages" time="12.741"/>
  <testcase classname="identifycourses.WebdevelopmentCourses" name="firstCourse" time="40.153"/>
  <testcase classname="identifycourses.WebdevelopmentCourses" name="secondCourse" time="25.72"/>
  <testcase classname="identifycourses.Languagelearning" name="searchLanguageLearning" time="23.229"/>
  <testcase classname="identifycourses.Languagelearning" name="levelCount" time="5.789"/>
  <testcase classname="identifycourses.Languagelearning" name="langCount" time="32.988"/>
  <testcase classname="identifycourses.Enterprises" name="forEnterprises" time="79.096"/>
  <testcase classname="identifycourses.Enterprises" name="readyToTransform" time="25.171"/>
  <testcase classname="identifycourses.Enterprises" name="dropDowns" time="17.491"/>
  <testcase classname="identifycourses.Enterprises" name="errorMessage" time="0.165"/>
  <testcase classname="identifycourses.Baseclass" name="@AfterTest closeBrowser" time="0.0">
    <ignored/>
  </testcase> <!-- @AfterTest closeBrowser -->
  <testcase classname="identifycourses.Baseclass" name="@BeforeTest getDriver" time="0.0">
    <ignored/>
  </testcase> <!-- @BeforeTest getDriver -->
  <testcase classname="identifycourses.Baseclass" name="@BeforeTest getDriver" time="0.0">
    <ignored/>
  </testcase> <!-- @BeforeTest getDriver -->
  <testcase classname="identifycourses.Baseclass" name="@AfterTest closeBrowser" time="0.0">
    <ignored/>
  </testcase> <!-- @AfterTest closeBrowser -->
  <testcase classname="identifycourses.Baseclass" name="@BeforeTest getDriver" time="0.0">
    <ignored/>
  </testcase> <!-- @BeforeTest getDriver -->
  <testcase classname="identifycourses.Baseclass" name="@AfterTest closeBrowser" time="0.0">
    <ignored/>
  </testcase> <!-- @AfterTest closeBrowser -->
</testsuite> <!-- Test -->
