<?xml version="1.0" encoding="UTF-8"?>
<testng-results ignored="0" total="12" passed="12" failed="0" skipped="0">
  <reporter-output>
  </reporter-output>
  <suite started-at="2024-03-05T14:41:29 IST" name="Suite" finished-at="2024-03-05T14:48:18 IST" duration-ms="408507">
    <groups>
      <group name="regression">
        <method signature="Enterprises.forEnterprises()[pri:0, instance:identifycourses.Enterprises@5b218417]" name="forEnterprises" class="identifycourses.Enterprises"/>
        <method signature="Languagelearning.searchLanguageLearning()[pri:0, instance:identifycourses.Languagelearning@cc43f62]" name="searchLanguageLearning" class="identifycourses.Languagelearning"/>
        <method signature="WebdevelopmentCourses.searchingWebDevelopmentCourses()[pri:0, instance:identifycourses.WebdevelopmentCourses@2cb4893b]" name="searchingWebDevelopmentCourses" class="identifycourses.WebdevelopmentCourses"/>
        <method signature="Enterprises.readyToTransform()[pri:1, instance:identifycourses.Enterprises@5b218417]" name="readyToTransform" class="identifycourses.Enterprises"/>
        <method signature="Languagelearning.levelCount()[pri:1, instance:identifycourses.Languagelearning@cc43f62]" name="levelCount" class="identifycourses.Languagelearning"/>
        <method signature="WebdevelopmentCourses.selectinglevel()[pri:1, instance:identifycourses.WebdevelopmentCourses@2cb4893b]" name="selectinglevel" class="identifycourses.WebdevelopmentCourses"/>
        <method signature="Enterprises.dropDowns()[pri:2, instance:identifycourses.Enterprises@5b218417]" name="dropDowns" class="identifycourses.Enterprises"/>
        <method signature="Languagelearning.langCount()[pri:2, instance:identifycourses.Languagelearning@cc43f62]" name="langCount" class="identifycourses.Languagelearning"/>
        <method signature="WebdevelopmentCourses.selectinglanguages()[pri:2, instance:identifycourses.WebdevelopmentCourses@2cb4893b]" name="selectinglanguages" class="identifycourses.WebdevelopmentCourses"/>
        <method signature="Enterprises.errorMessage()[pri:3, instance:identifycourses.Enterprises@5b218417]" name="errorMessage" class="identifycourses.Enterprises"/>
        <method signature="WebdevelopmentCourses.firstCourse()[pri:3, instance:identifycourses.WebdevelopmentCourses@2cb4893b]" name="firstCourse" class="identifycourses.WebdevelopmentCourses"/>
        <method signature="WebdevelopmentCourses.secondCourse()[pri:4, instance:identifycourses.WebdevelopmentCourses@2cb4893b]" name="secondCourse" class="identifycourses.WebdevelopmentCourses"/>
      </group> <!-- regression -->
      <group name="smoke">
        <method signature="Enterprises.forEnterprises()[pri:0, instance:identifycourses.Enterprises@5b218417]" name="forEnterprises" class="identifycourses.Enterprises"/>
        <method signature="Languagelearning.searchLanguageLearning()[pri:0, instance:identifycourses.Languagelearning@cc43f62]" name="searchLanguageLearning" class="identifycourses.Languagelearning"/>
        <method signature="WebdevelopmentCourses.searchingWebDevelopmentCourses()[pri:0, instance:identifycourses.WebdevelopmentCourses@2cb4893b]" name="searchingWebDevelopmentCourses" class="identifycourses.WebdevelopmentCourses"/>
      </group> <!-- smoke -->
      <group name="master">
        <method signature="Enterprises.forEnterprises()[pri:0, instance:identifycourses.Enterprises@5b218417]" name="forEnterprises" class="identifycourses.Enterprises"/>
        <method signature="Languagelearning.searchLanguageLearning()[pri:0, instance:identifycourses.Languagelearning@cc43f62]" name="searchLanguageLearning" class="identifycourses.Languagelearning"/>
        <method signature="WebdevelopmentCourses.searchingWebDevelopmentCourses()[pri:0, instance:identifycourses.WebdevelopmentCourses@2cb4893b]" name="searchingWebDevelopmentCourses" class="identifycourses.WebdevelopmentCourses"/>
        <method signature="Enterprises.readyToTransform()[pri:1, instance:identifycourses.Enterprises@5b218417]" name="readyToTransform" class="identifycourses.Enterprises"/>
        <method signature="Languagelearning.levelCount()[pri:1, instance:identifycourses.Languagelearning@cc43f62]" name="levelCount" class="identifycourses.Languagelearning"/>
        <method signature="WebdevelopmentCourses.selectinglevel()[pri:1, instance:identifycourses.WebdevelopmentCourses@2cb4893b]" name="selectinglevel" class="identifycourses.WebdevelopmentCourses"/>
        <method signature="Enterprises.dropDowns()[pri:2, instance:identifycourses.Enterprises@5b218417]" name="dropDowns" class="identifycourses.Enterprises"/>
        <method signature="Languagelearning.langCount()[pri:2, instance:identifycourses.Languagelearning@cc43f62]" name="langCount" class="identifycourses.Languagelearning"/>
        <method signature="WebdevelopmentCourses.selectinglanguages()[pri:2, instance:identifycourses.WebdevelopmentCourses@2cb4893b]" name="selectinglanguages" class="identifycourses.WebdevelopmentCourses"/>
        <method signature="Enterprises.errorMessage()[pri:3, instance:identifycourses.Enterprises@5b218417]" name="errorMessage" class="identifycourses.Enterprises"/>
        <method signature="WebdevelopmentCourses.firstCourse()[pri:3, instance:identifycourses.WebdevelopmentCourses@2cb4893b]" name="firstCourse" class="identifycourses.WebdevelopmentCourses"/>
        <method signature="WebdevelopmentCourses.secondCourse()[pri:4, instance:identifycourses.WebdevelopmentCourses@2cb4893b]" name="secondCourse" class="identifycourses.WebdevelopmentCourses"/>
      </group> <!-- master -->
    </groups>
    <test started-at="2024-03-05T14:41:29 IST" name="Test" finished-at="2024-03-05T14:48:18 IST" duration-ms="408507">
      <class name="identifycourses.Languagelearning">
        <test-method signature="searchLanguageLearning()[pri:0, instance:identifycourses.Languagelearning@cc43f62]" started-at="2024-03-05T14:45:09 IST" name="searchLanguageLearning" finished-at="2024-03-05T14:45:32 IST" duration-ms="23229" status="PASS">
          <reporter-output>
          </reporter-output>
        </test-method> <!-- searchLanguageLearning -->
        <test-method signature="levelCount()[pri:1, instance:identifycourses.Languagelearning@cc43f62]" started-at="2024-03-05T14:45:32 IST" name="levelCount" finished-at="2024-03-05T14:45:38 IST" duration-ms="5789" status="PASS">
          <reporter-output>
          </reporter-output>
        </test-method> <!-- levelCount -->
        <test-method signature="langCount()[pri:2, instance:identifycourses.Languagelearning@cc43f62]" started-at="2024-03-05T14:45:38 IST" name="langCount" finished-at="2024-03-05T14:46:11 IST" duration-ms="32988" status="PASS">
          <reporter-output>
          </reporter-output>
        </test-method> <!-- langCount -->
      </class> <!-- identifycourses.Languagelearning -->
      <class name="identifycourses.WebdevelopmentCourses">
        <test-method signature="searchingWebDevelopmentCourses()[pri:0, instance:identifycourses.WebdevelopmentCourses@2cb4893b]" started-at="2024-03-05T14:43:11 IST" name="searchingWebDevelopmentCourses" finished-at="2024-03-05T14:43:43 IST" duration-ms="32544" status="PASS">
          <reporter-output>
          </reporter-output>
        </test-method> <!-- searchingWebDevelopmentCourses -->
        <test-method signature="selectinglevel()[pri:1, instance:identifycourses.WebdevelopmentCourses@2cb4893b]" started-at="2024-03-05T14:43:43 IST" name="selectinglevel" finished-at="2024-03-05T14:43:50 IST" duration-ms="6726" status="PASS">
          <reporter-output>
          </reporter-output>
        </test-method> <!-- selectinglevel -->
        <test-method signature="selectinglanguages()[pri:2, instance:identifycourses.WebdevelopmentCourses@2cb4893b]" started-at="2024-03-05T14:43:50 IST" name="selectinglanguages" finished-at="2024-03-05T14:44:03 IST" duration-ms="12741" status="PASS">
          <reporter-output>
          </reporter-output>
        </test-method> <!-- selectinglanguages -->
        <test-method signature="firstCourse()[pri:3, instance:identifycourses.WebdevelopmentCourses@2cb4893b]" started-at="2024-03-05T14:44:03 IST" name="firstCourse" finished-at="2024-03-05T14:44:43 IST" duration-ms="40153" status="PASS">
          <reporter-output>
          </reporter-output>
        </test-method> <!-- firstCourse -->
        <test-method signature="secondCourse()[pri:4, instance:identifycourses.WebdevelopmentCourses@2cb4893b]" started-at="2024-03-05T14:44:43 IST" name="secondCourse" finished-at="2024-03-05T14:45:09 IST" duration-ms="25720" status="PASS">
          <reporter-output>
          </reporter-output>
        </test-method> <!-- secondCourse -->
      </class> <!-- identifycourses.WebdevelopmentCourses -->
      <class name="identifycourses.Baseclass">
        <test-method is-config="true" signature="getDriver()[pri:0, instance:identifycourses.Baseclass@350aac89]" started-at="2024-03-05T14:41:30 IST" name="getDriver" finished-at="2024-03-05T14:43:11 IST" duration-ms="100908" status="PASS">
          <reporter-output>
          </reporter-output>
        </test-method> <!-- getDriver -->
        <test-method is-config="true" signature="closeBrowser()[pri:0, instance:identifycourses.Baseclass@350aac89]" started-at="2024-03-05T14:48:13 IST" name="closeBrowser" finished-at="2024-03-05T14:48:18 IST" duration-ms="5325" status="PASS">
          <reporter-output>
          </reporter-output>
        </test-method> <!-- closeBrowser -->
      </class> <!-- identifycourses.Baseclass -->
      <class name="identifycourses.Enterprises">
        <test-method signature="forEnterprises()[pri:0, instance:identifycourses.Enterprises@5b218417]" started-at="2024-03-05T14:46:11 IST" name="forEnterprises" finished-at="2024-03-05T14:47:30 IST" duration-ms="79096" status="PASS">
          <reporter-output>
          </reporter-output>
        </test-method> <!-- forEnterprises -->
        <test-method signature="readyToTransform()[pri:1, instance:identifycourses.Enterprises@5b218417]" started-at="2024-03-05T14:47:30 IST" name="readyToTransform" finished-at="2024-03-05T14:47:55 IST" duration-ms="25171" status="PASS">
          <reporter-output>
          </reporter-output>
        </test-method> <!-- readyToTransform -->
        <test-method signature="dropDowns()[pri:2, instance:identifycourses.Enterprises@5b218417]" started-at="2024-03-05T14:47:55 IST" name="dropDowns" finished-at="2024-03-05T14:48:12 IST" duration-ms="17491" status="PASS">
          <reporter-output>
          </reporter-output>
        </test-method> <!-- dropDowns -->
        <test-method signature="errorMessage()[pri:3, instance:identifycourses.Enterprises@5b218417]" started-at="2024-03-05T14:48:12 IST" name="errorMessage" finished-at="2024-03-05T14:48:13 IST" duration-ms="165" status="PASS">
          <reporter-output>
          </reporter-output>
        </test-method> <!-- errorMessage -->
      </class> <!-- identifycourses.Enterprises -->
    </test> <!-- Test -->
  </suite> <!-- Suite -->
</testng-results>
