<?xml version="1.0" encoding="UTF-8"?>
<testsuite xmlns:xsi="http://www.w3.org/2001/XMLSchema-instance" xsi:noNamespaceSchemaLocation="https://maven.apache.org/surefire/maven-surefire-plugin/xsd/surefire-test-report-3.0.xsd" version="3.0" name="TestSuite" time="410.04" tests="12" errors="0" skipped="0" failures="0">
  <properties>
[...]
</properties>
  <testcase name="searchingWebDevelopmentCourses" classname="identifycourses.WebdevelopmentCourses" time="32.609">
    <system-err><![CDATA[SLF4J: No SLF4J providers were found.
SLF4J: Defaulting to no-operation (NOP) logger implementation
SLF4J: See https://www.slf4j.org/codes.html#noProviders for further details.
Mar 05, 2024 2:41:30 PM org.openqa.selenium.remote.tracing.opentelemetry.OpenTelemetryTracer createTracer
INFO: Using OpenTelemetry for tracing
]]></system-err>
  </testcase>
  <testcase name="selectinglevel" classname="identifycourses.WebdevelopmentCourses" time="6.665"/>
  <testcase name="selectinglanguages" classname="identifycourses.WebdevelopmentCourses" time="12.742"/>
  <testcase name="firstCourse" classname="identifycourses.WebdevelopmentCourses" time="40.154">
    <system-out><![CDATA[Course-1
-----------
Course Name :Introduction to Web Development
Course Duration :10 hours to complete
Course Rating :4.7
-------------------
]]></system-out>
  </testcase>
  <testcase name="secondCourse" classname="identifycourses.WebdevelopmentCourses" time="25.721">
    <system-out><![CDATA[Course-2
-----------
Course Name :Meta Front-End Developer Professional Certificate
Course Duration :7 months at 6 hours a week
Course Rating :4.7
-------------------
]]></system-out>
  </testcase>
  <testcase name="searchLanguageLearning" classname="identifycourses.Languagelearning" time="23.229"/>
  <testcase name="levelCount" classname="identifycourses.Languagelearning" time="5.789">
    <system-out><![CDATA[Beginner (888) Intermediate (782) Advanced (80) Mixed (148) 
The number of levels are 4
-------------------------
]]></system-out>
  </testcase>
  <testcase name="langCount" classname="identifycourses.Languagelearning" time="32.99">
    <system-out><![CDATA[English (1,651) Spanish (1,100) Arabic (1,011) French (996) Chinese (China) (992) Portuguese (Brazil) (987) German (976) Indonesian (975) Hindi (971) Italian (970) Swedish (969) Dutch (968) Greek (968) Polish (968) Thai (968) Turkish (968) Ukrainian (968) Russian (945) Kazakh (893) Hungarian (696) Japanese (90) Korean (88) Chinese (Traditional) (5) Hebrew (2) 
The number of languages are 24
-------------------------
]]></system-out>
  </testcase>
  <testcase name="forEnterprises" classname="identifycourses.Enterprises" time="79.096"/>
  <testcase name="readyToTransform" classname="identifycourses.Enterprises" time="25.172"/>
  <testcase name="dropDowns" classname="identifycourses.Enterprises" time="17.492"/>
  <testcase name="errorMessage" classname="identifycourses.Enterprises" time="0.167">
    <system-out><![CDATA[
Error Message :Must be a phone number.
503-555-1212
]]></system-out>
  </testcase>
</testsuite>