<?xml version="1.0" encoding="UTF-8"?>
<testng-results ignored="6" total="18" passed="12" failed="0" skipped="0">
  <reporter-output>
  </reporter-output>
  <suite started-at="2024-03-05T10:37:22 IST" name="Suite" finished-at="2024-03-05T10:41:12 IST" duration-ms="230295">
    <groups>
      <group name="regression">
        <method signature="Enterprises.dropDowns()[pri:2, instance:identifycourses.Enterprises@2e3967ea]" name="dropDowns" class="identifycourses.Enterprises"/>
        <method signature="Enterprises.errorMessage()[pri:3, instance:identifycourses.Enterprises@2e3967ea]" name="errorMessage" class="identifycourses.Enterprises"/>
        <method signature="Enterprises.forEnterprises()[pri:0, instance:identifycourses.Enterprises@2e3967ea]" name="forEnterprises" class="identifycourses.Enterprises"/>
        <method signature="Enterprises.readyToTransform()[pri:1, instance:identifycourses.Enterprises@2e3967ea]" name="readyToTransform" class="identifycourses.Enterprises"/>
        <method signature="Languagelearning.langCount()[pri:2, instance:identifycourses.Languagelearning@5d534f5d]" name="langCount" class="identifycourses.Languagelearning"/>
        <method signature="Languagelearning.levelCount()[pri:1, instance:identifycourses.Languagelearning@5d534f5d]" name="levelCount" class="identifycourses.Languagelearning"/>
        <method signature="Languagelearning.searchLanguageLearning()[pri:0, instance:identifycourses.Languagelearning@5d534f5d]" name="searchLanguageLearning" class="identifycourses.Languagelearning"/>
        <method signature="WebdevelopmentCourses.firstCourse()[pri:3, instance:identifycourses.WebdevelopmentCourses@130c12b7]" name="firstCourse" class="identifycourses.WebdevelopmentCourses"/>
        <method signature="WebdevelopmentCourses.searchingWebDevelopmentCourses()[pri:0, instance:identifycourses.WebdevelopmentCourses@130c12b7]" name="searchingWebDevelopmentCourses" class="identifycourses.WebdevelopmentCourses"/>
        <method signature="WebdevelopmentCourses.secondCourse()[pri:4, instance:identifycourses.WebdevelopmentCourses@130c12b7]" name="secondCourse" class="identifycourses.WebdevelopmentCourses"/>
        <method signature="WebdevelopmentCourses.selectinglanguages()[pri:2, instance:identifycourses.WebdevelopmentCourses@130c12b7]" name="selectinglanguages" class="identifycourses.WebdevelopmentCourses"/>
        <method signature="WebdevelopmentCourses.selectinglevel()[pri:1, instance:identifycourses.WebdevelopmentCourses@130c12b7]" name="selectinglevel" class="identifycourses.WebdevelopmentCourses"/>
      </group> <!-- regression -->
      <group name="smoke">
        <method signature="Enterprises.forEnterprises()[pri:0, instance:identifycourses.Enterprises@2e3967ea]" name="forEnterprises" class="identifycourses.Enterprises"/>
        <method signature="Languagelearning.searchLanguageLearning()[pri:0, instance:identifycourses.Languagelearning@5d534f5d]" name="searchLanguageLearning" class="identifycourses.Languagelearning"/>
        <method signature="WebdevelopmentCourses.searchingWebDevelopmentCourses()[pri:0, instance:identifycourses.WebdevelopmentCourses@130c12b7]" name="searchingWebDevelopmentCourses" class="identifycourses.WebdevelopmentCourses"/>
      </group> <!-- smoke -->
      <group name="master">
        <method signature="Enterprises.dropDowns()[pri:2, instance:identifycourses.Enterprises@2e3967ea]" name="dropDowns" class="identifycourses.Enterprises"/>
        <method signature="Enterprises.errorMessage()[pri:3, instance:identifycourses.Enterprises@2e3967ea]" name="errorMessage" class="identifycourses.Enterprises"/>
        <method signature="Enterprises.forEnterprises()[pri:0, instance:identifycourses.Enterprises@2e3967ea]" name="forEnterprises" class="identifycourses.Enterprises"/>
        <method signature="Enterprises.readyToTransform()[pri:1, instance:identifycourses.Enterprises@2e3967ea]" name="readyToTransform" class="identifycourses.Enterprises"/>
        <method signature="Languagelearning.langCount()[pri:2, instance:identifycourses.Languagelearning@5d534f5d]" name="langCount" class="identifycourses.Languagelearning"/>
        <method signature="Languagelearning.levelCount()[pri:1, instance:identifycourses.Languagelearning@5d534f5d]" name="levelCount" class="identifycourses.Languagelearning"/>
        <method signature="Languagelearning.searchLanguageLearning()[pri:0, instance:identifycourses.Languagelearning@5d534f5d]" name="searchLanguageLearning" class="identifycourses.Languagelearning"/>
        <method signature="WebdevelopmentCourses.firstCourse()[pri:3, instance:identifycourses.WebdevelopmentCourses@130c12b7]" name="firstCourse" class="identifycourses.WebdevelopmentCourses"/>
        <method signature="WebdevelopmentCourses.searchingWebDevelopmentCourses()[pri:0, instance:identifycourses.WebdevelopmentCourses@130c12b7]" name="searchingWebDevelopmentCourses" class="identifycourses.WebdevelopmentCourses"/>
        <method signature="WebdevelopmentCourses.secondCourse()[pri:4, instance:identifycourses.WebdevelopmentCourses@130c12b7]" name="secondCourse" class="identifycourses.WebdevelopmentCourses"/>
        <method signature="WebdevelopmentCourses.selectinglanguages()[pri:2, instance:identifycourses.WebdevelopmentCourses@130c12b7]" name="selectinglanguages" class="identifycourses.WebdevelopmentCourses"/>
        <method signature="WebdevelopmentCourses.selectinglevel()[pri:1, instance:identifycourses.WebdevelopmentCourses@130c12b7]" name="selectinglevel" class="identifycourses.WebdevelopmentCourses"/>
      </group> <!-- master -->
    </groups>
    <test started-at="2024-03-05T10:37:22 IST" name="Test" finished-at="2024-03-05T10:41:12 IST" duration-ms="230295">
      <class name="identifycourses.Languagelearning">
        <test-method signature="searchLanguageLearning()[pri:0, instance:identifycourses.Languagelearning@5d534f5d]" started-at="2024-03-05T10:39:14 IST" name="searchLanguageLearning" finished-at="2024-03-05T10:39:24 IST" duration-ms="10645" status="PASS">
          <reporter-output>
          </reporter-output>
        </test-method> <!-- searchLanguageLearning -->
        <test-method signature="levelCount()[pri:1, instance:identifycourses.Languagelearning@5d534f5d]" started-at="2024-03-05T10:39:24 IST" name="levelCount" finished-at="2024-03-05T10:39:30 IST" duration-ms="5772" status="PASS">
          <reporter-output>
          </reporter-output>
        </test-method> <!-- levelCount -->
        <test-method signature="langCount()[pri:2, instance:identifycourses.Languagelearning@5d534f5d]" started-at="2024-03-05T10:39:30 IST" name="langCount" finished-at="2024-03-05T10:39:56 IST" duration-ms="26020" status="PASS">
          <reporter-output>
          </reporter-output>
        </test-method> <!-- langCount -->
      </class> <!-- identifycourses.Languagelearning -->
      <class name="identifycourses.WebdevelopmentCourses">
        <test-method signature="searchingWebDevelopmentCourses()[pri:0, instance:identifycourses.WebdevelopmentCourses@130c12b7]" started-at="2024-03-05T10:37:49 IST" name="searchingWebDevelopmentCourses" finished-at="2024-03-05T10:38:13 IST" duration-ms="24516" status="PASS">
          <reporter-output>
          </reporter-output>
        </test-method> <!-- searchingWebDevelopmentCourses -->
        <test-method signature="selectinglevel()[pri:1, instance:identifycourses.WebdevelopmentCourses@130c12b7]" started-at="2024-03-05T10:38:13 IST" name="selectinglevel" finished-at="2024-03-05T10:38:20 IST" duration-ms="6782" status="PASS">
          <reporter-output>
          </reporter-output>
        </test-method> <!-- selectinglevel -->
        <test-method signature="selectinglanguages()[pri:2, instance:identifycourses.WebdevelopmentCourses@130c12b7]" started-at="2024-03-05T10:38:20 IST" name="selectinglanguages" finished-at="2024-03-05T10:38:33 IST" duration-ms="12725" status="PASS">
          <reporter-output>
          </reporter-output>
        </test-method> <!-- selectinglanguages -->
        <test-method signature="firstCourse()[pri:3, instance:identifycourses.WebdevelopmentCourses@130c12b7]" started-at="2024-03-05T10:38:33 IST" name="firstCourse" finished-at="2024-03-05T10:38:54 IST" duration-ms="21071" status="PASS">
          <reporter-output>
          </reporter-output>
        </test-method> <!-- firstCourse -->
        <test-method signature="secondCourse()[pri:4, instance:identifycourses.WebdevelopmentCourses@130c12b7]" started-at="2024-03-05T10:38:54 IST" name="secondCourse" finished-at="2024-03-05T10:39:14 IST" duration-ms="19537" status="PASS">
          <reporter-output>
          </reporter-output>
        </test-method> <!-- secondCourse -->
      </class> <!-- identifycourses.WebdevelopmentCourses -->
      <class name="identifycourses.Baseclass">
        <test-method is-config="true" signature="getDriver()[pri:0, instance:identifycourses.Baseclass@7d4f9aae]" started-at="2024-03-05T10:37:22 IST" name="getDriver" finished-at="2024-03-05T10:37:49 IST" duration-ms="26359" status="PASS">
          <reporter-output>
          </reporter-output>
        </test-method> <!-- getDriver -->
        <test-method is-config="true" signature="closeBrowser()[pri:0, instance:identifycourses.Baseclass@7d4f9aae]" started-at="2024-03-05T10:41:07 IST" name="closeBrowser" finished-at="2024-03-05T10:41:12 IST" duration-ms="5163" status="PASS">
          <reporter-output>
          </reporter-output>
        </test-method> <!-- closeBrowser -->
      </class> <!-- identifycourses.Baseclass -->
      <class name="identifycourses.Enterprises">
        <test-method signature="forEnterprises()[pri:0, instance:identifycourses.Enterprises@2e3967ea]" started-at="2024-03-05T10:39:56 IST" name="forEnterprises" finished-at="2024-03-05T10:40:24 IST" duration-ms="27976" status="PASS">
          <reporter-output>
          </reporter-output>
        </test-method> <!-- forEnterprises -->
        <test-method signature="readyToTransform()[pri:1, instance:identifycourses.Enterprises@2e3967ea]" started-at="2024-03-05T10:40:24 IST" name="readyToTransform" finished-at="2024-03-05T10:40:49 IST" duration-ms="25136" status="PASS">
          <reporter-output>
          </reporter-output>
        </test-method> <!-- readyToTransform -->
        <test-method signature="dropDowns()[pri:2, instance:identifycourses.Enterprises@2e3967ea]" started-at="2024-03-05T10:40:49 IST" name="dropDowns" finished-at="2024-03-05T10:41:07 IST" duration-ms="17585" status="PASS">
          <reporter-output>
          </reporter-output>
        </test-method> <!-- dropDowns -->
        <test-method signature="errorMessage()[pri:3, instance:identifycourses.Enterprises@2e3967ea]" started-at="2024-03-05T10:41:07 IST" name="errorMessage" finished-at="2024-03-05T10:41:07 IST" duration-ms="164" status="PASS">
          <reporter-output>
          </reporter-output>
        </test-method> <!-- errorMessage -->
      </class> <!-- identifycourses.Enterprises -->
    </test> <!-- Test -->
  </suite> <!-- Suite -->
</testng-results>
