<?xml version="1.0" encoding="UTF-8"?>
<testng-results ignored="6" total="18" passed="12" failed="0" skipped="0">
  <reporter-output>
  </reporter-output>
  <suite started-at="2024-03-04T15:06:38 IST" name="Suite" finished-at="2024-03-04T15:10:27 IST" duration-ms="228494">
    <groups>
      <group name="regression">
        <method signature="Enterprises.dropDowns()[pri:2, instance:identifycourses.Enterprises@2e3967ea]" name="dropDowns" class="identifycourses.Enterprises"/>
        <method signature="Enterprises.errorMessage()[pri:3, instance:identifycourses.Enterprises@2e3967ea]" name="errorMessage" class="identifycourses.Enterprises"/>
        <method signature="Enterprises.forEnterprises()[pri:0, instance:identifycourses.Enterprises@2e3967ea]" name="forEnterprises" class="identifycourses.Enterprises"/>
        <method signature="Enterprises.readyToTransform()[pri:1, instance:identifycourses.Enterprises@2e3967ea]" name="readyToTransform" class="identifycourses.Enterprises"/>
        <method signature="Languagelearning.langCount()[pri:2, instance:identifycourses.Languagelearning@5d534f5d]" name="langCount" class="identifycourses.Languagelearning"/>
        <method signature="Languagelearning.levelCount()[pri:1, instance:identifycourses.Languagelearning@5d534f5d]" name="levelCount" class="identifycourses.Languagelearning"/>
        <method signature="Languagelearning.searchLanguageLearning()[pri:0, instance:identifycourses.Languagelearning@5d534f5d]" name="searchLanguageLearning" class="identifycourses.Languagelearning"/>
        <method signature="WebdevelopmentCourses.firstCourse()[pri:3, instance:identifycourses.WebdevelopmentCourses@130c12b7]" name="firstCourse" class="identifycourses.WebdevelopmentCourses"/>
        <method signature="WebdevelopmentCourses.searchingWebDevelopmentCourses()[pri:0, instance:identifycourses.WebdevelopmentCourses@130c12b7]" name="searchingWebDevelopmentCourses" class="identifycourses.WebdevelopmentCourses"/>
        <method signature="WebdevelopmentCourses.secondCourse()[pri:4, instance:identifycourses.WebdevelopmentCourses@130c12b7]" name="secondCourse" class="identifycourses.WebdevelopmentCourses"/>
        <method signature="WebdevelopmentCourses.selectinglanguages()[pri:2, instance:identifycourses.WebdevelopmentCourses@130c12b7]" name="selectinglanguages" class="identifycourses.WebdevelopmentCourses"/>
        <method signature="WebdevelopmentCourses.selectinglevel()[pri:1, instance:identifycourses.WebdevelopmentCourses@130c12b7]" name="selectinglevel" class="identifycourses.WebdevelopmentCourses"/>
      </group> <!-- regression -->
      <group name="smoke">
        <method signature="Enterprises.forEnterprises()[pri:0, instance:identifycourses.Enterprises@2e3967ea]" name="forEnterprises" class="identifycourses.Enterprises"/>
        <method signature="Languagelearning.searchLanguageLearning()[pri:0, instance:identifycourses.Languagelearning@5d534f5d]" name="searchLanguageLearning" class="identifycourses.Languagelearning"/>
        <method signature="WebdevelopmentCourses.searchingWebDevelopmentCourses()[pri:0, instance:identifycourses.WebdevelopmentCourses@130c12b7]" name="searchingWebDevelopmentCourses" class="identifycourses.WebdevelopmentCourses"/>
      </group> <!-- smoke -->
      <group name="master">
        <method signature="Enterprises.dropDowns()[pri:2, instance:identifycourses.Enterprises@2e3967ea]" name="dropDowns" class="identifycourses.Enterprises"/>
        <method signature="Enterprises.errorMessage()[pri:3, instance:identifycourses.Enterprises@2e3967ea]" name="errorMessage" class="identifycourses.Enterprises"/>
        <method signature="Enterprises.forEnterprises()[pri:0, instance:identifycourses.Enterprises@2e3967ea]" name="forEnterprises" class="identifycourses.Enterprises"/>
        <method signature="Enterprises.readyToTransform()[pri:1, instance:identifycourses.Enterprises@2e3967ea]" name="readyToTransform" class="identifycourses.Enterprises"/>
        <method signature="Languagelearning.langCount()[pri:2, instance:identifycourses.Languagelearning@5d534f5d]" name="langCount" class="identifycourses.Languagelearning"/>
        <method signature="Languagelearning.levelCount()[pri:1, instance:identifycourses.Languagelearning@5d534f5d]" name="levelCount" class="identifycourses.Languagelearning"/>
        <method signature="Languagelearning.searchLanguageLearning()[pri:0, instance:identifycourses.Languagelearning@5d534f5d]" name="searchLanguageLearning" class="identifycourses.Languagelearning"/>
        <method signature="WebdevelopmentCourses.firstCourse()[pri:3, instance:identifycourses.WebdevelopmentCourses@130c12b7]" name="firstCourse" class="identifycourses.WebdevelopmentCourses"/>
        <method signature="WebdevelopmentCourses.searchingWebDevelopmentCourses()[pri:0, instance:identifycourses.WebdevelopmentCourses@130c12b7]" name="searchingWebDevelopmentCourses" class="identifycourses.WebdevelopmentCourses"/>
        <method signature="WebdevelopmentCourses.secondCourse()[pri:4, instance:identifycourses.WebdevelopmentCourses@130c12b7]" name="secondCourse" class="identifycourses.WebdevelopmentCourses"/>
        <method signature="WebdevelopmentCourses.selectinglanguages()[pri:2, instance:identifycourses.WebdevelopmentCourses@130c12b7]" name="selectinglanguages" class="identifycourses.WebdevelopmentCourses"/>
        <method signature="WebdevelopmentCourses.selectinglevel()[pri:1, instance:identifycourses.WebdevelopmentCourses@130c12b7]" name="selectinglevel" class="identifycourses.WebdevelopmentCourses"/>
      </group> <!-- master -->
    </groups>
    <test started-at="2024-03-04T15:06:38 IST" name="Test" finished-at="2024-03-04T15:10:27 IST" duration-ms="228494">
      <class name="identifycourses.Languagelearning">
        <test-method signature="searchLanguageLearning()[pri:0, instance:identifycourses.Languagelearning@5d534f5d]" started-at="2024-03-04T15:08:29 IST" name="searchLanguageLearning" finished-at="2024-03-04T15:08:41 IST" duration-ms="11637" status="PASS">
          <reporter-output>
          </reporter-output>
        </test-method> <!-- searchLanguageLearning -->
        <test-method signature="levelCount()[pri:1, instance:identifycourses.Languagelearning@5d534f5d]" started-at="2024-03-04T15:08:41 IST" name="levelCount" finished-at="2024-03-04T15:08:47 IST" duration-ms="5697" status="PASS">
          <reporter-output>
          </reporter-output>
        </test-method> <!-- levelCount -->
        <test-method signature="langCount()[pri:2, instance:identifycourses.Languagelearning@5d534f5d]" started-at="2024-03-04T15:08:47 IST" name="langCount" finished-at="2024-03-04T15:09:12 IST" duration-ms="24892" status="PASS">
          <reporter-output>
          </reporter-output>
        </test-method> <!-- langCount -->
      </class> <!-- identifycourses.Languagelearning -->
      <class name="identifycourses.WebdevelopmentCourses">
        <test-method signature="searchingWebDevelopmentCourses()[pri:0, instance:identifycourses.WebdevelopmentCourses@130c12b7]" started-at="2024-03-04T15:07:04 IST" name="searchingWebDevelopmentCourses" finished-at="2024-03-04T15:07:26 IST" duration-ms="22142" status="PASS">
          <reporter-output>
          </reporter-output>
        </test-method> <!-- searchingWebDevelopmentCourses -->
        <test-method signature="selectinglevel()[pri:1, instance:identifycourses.WebdevelopmentCourses@130c12b7]" started-at="2024-03-04T15:07:26 IST" name="selectinglevel" finished-at="2024-03-04T15:07:33 IST" duration-ms="6864" status="PASS">
          <reporter-output>
          </reporter-output>
        </test-method> <!-- selectinglevel -->
        <test-method signature="selectinglanguages()[pri:2, instance:identifycourses.WebdevelopmentCourses@130c12b7]" started-at="2024-03-04T15:07:33 IST" name="selectinglanguages" finished-at="2024-03-04T15:07:45 IST" duration-ms="12709" status="PASS">
          <reporter-output>
          </reporter-output>
        </test-method> <!-- selectinglanguages -->
        <test-method signature="firstCourse()[pri:3, instance:identifycourses.WebdevelopmentCourses@130c12b7]" started-at="2024-03-04T15:07:45 IST" name="firstCourse" finished-at="2024-03-04T15:08:08 IST" duration-ms="22175" status="PASS">
          <reporter-output>
          </reporter-output>
        </test-method> <!-- firstCourse -->
        <test-method signature="secondCourse()[pri:4, instance:identifycourses.WebdevelopmentCourses@130c12b7]" started-at="2024-03-04T15:08:08 IST" name="secondCourse" finished-at="2024-03-04T15:08:29 IST" duration-ms="21756" status="PASS">
          <reporter-output>
          </reporter-output>
        </test-method> <!-- secondCourse -->
      </class> <!-- identifycourses.WebdevelopmentCourses -->
      <class name="identifycourses.Baseclass">
        <test-method is-config="true" signature="getDriver()[pri:0, instance:identifycourses.Baseclass@7d4f9aae]" started-at="2024-03-04T15:06:40 IST" name="getDriver" finished-at="2024-03-04T15:07:04 IST" duration-ms="24150" status="PASS">
          <reporter-output>
          </reporter-output>
        </test-method> <!-- getDriver -->
        <test-method is-config="true" signature="closeBrowser()[pri:0, instance:identifycourses.Baseclass@7d4f9aae]" started-at="2024-03-04T15:10:22 IST" name="closeBrowser" finished-at="2024-03-04T15:10:27 IST" duration-ms="5154" status="PASS">
          <reporter-output>
          </reporter-output>
        </test-method> <!-- closeBrowser -->
      </class> <!-- identifycourses.Baseclass -->
      <class name="identifycourses.Enterprises">
        <test-method signature="forEnterprises()[pri:0, instance:identifycourses.Enterprises@2e3967ea]" started-at="2024-03-04T15:09:12 IST" name="forEnterprises" finished-at="2024-03-04T15:09:39 IST" duration-ms="27643" status="PASS">
          <reporter-output>
          </reporter-output>
        </test-method> <!-- forEnterprises -->
        <test-method signature="readyToTransform()[pri:1, instance:identifycourses.Enterprises@2e3967ea]" started-at="2024-03-04T15:09:39 IST" name="readyToTransform" finished-at="2024-03-04T15:10:04 IST" duration-ms="25066" status="PASS">
          <reporter-output>
          </reporter-output>
        </test-method> <!-- readyToTransform -->
        <test-method signature="dropDowns()[pri:2, instance:identifycourses.Enterprises@2e3967ea]" started-at="2024-03-04T15:10:04 IST" name="dropDowns" finished-at="2024-03-04T15:10:22 IST" duration-ms="17321" status="PASS">
          <reporter-output>
          </reporter-output>
        </test-method> <!-- dropDowns -->
        <test-method signature="errorMessage()[pri:3, instance:identifycourses.Enterprises@2e3967ea]" started-at="2024-03-04T15:10:22 IST" name="errorMessage" finished-at="2024-03-04T15:10:22 IST" duration-ms="157" status="PASS">
          <reporter-output>
          </reporter-output>
        </test-method> <!-- errorMessage -->
      </class> <!-- identifycourses.Enterprises -->
    </test> <!-- Test -->
  </suite> <!-- Suite -->
</testng-results>
